<?xml version="1.0" encoding="UTF-8"?>
<!-- Generated by org.testng.reporters.JUnitReportReporter -->
<testsuite hostname="ArunimaSaysHi" failures="0" tests="1" name="TestSuite.RunE2E" time="17.390" errors="0" timestamp="2025-02-05T14:25:42 IST" skipped="0">
  <testcase classname="TestSuite.RunE2E" name="RunTest" time="17.390"/>
</testsuite> <!-- TestSuite.RunE2E -->
