<?xml version="1.0" encoding="UTF-8"?>
<!-- Generated by org.testng.reporters.JUnitReportReporter -->
<testsuite hostname="ArunimaSaysHi" failures="0" tests="1" name="Objects.LaunchBrowser" time="23.068" errors="0" timestamp="2025-02-04T12:30:02 IST" skipped="0">
  <testcase classname="Objects.LaunchBrowser" name="LaunchURL" time="23.068"/>
</testsuite> <!-- Objects.LaunchBrowser -->
